Determining if the pthread_create exist failed with the following output:
Change Dir: /home/stu/kaneko_ws/tempMatchGPU/build/CMakeFiles/CMakeTmp

Run Build Command:"/usr/bin/make" "cmTC_1da28/fast"
/usr/bin/make -f CMakeFiles/cmTC_1da28.dir/build.make CMakeFiles/cmTC_1da28.dir/build
make[1]: Entering directory '/home/stu/kaneko_ws/tempMatchGPU/build/CMakeFiles/CMakeTmp'
Building C object CMakeFiles/cmTC_1da28.dir/CheckSymbolExists.c.o
/usr/bin/cc    -fPIC    -o CMakeFiles/cmTC_1da28.dir/CheckSymbolExists.c.o   -c /home/stu/kaneko_ws/tempMatchGPU/build/CMakeFiles/CMakeTmp/CheckSymbolExists.c
Linking C executable cmTC_1da28
/usr/bin/cmake -E cmake_link_script CMakeFiles/cmTC_1da28.dir/link.txt --verbose=1
/usr/bin/cc  -fPIC     CMakeFiles/cmTC_1da28.dir/CheckSymbolExists.c.o  -o cmTC_1da28 -rdynamic 
CMakeFiles/cmTC_1da28.dir/CheckSymbolExists.c.o: In function `main':
CheckSymbolExists.c:(.text+0x1b): undefined reference to `pthread_create'
collect2: error: ld returned 1 exit status
CMakeFiles/cmTC_1da28.dir/build.make:97: recipe for target 'cmTC_1da28' failed
make[1]: *** [cmTC_1da28] Error 1
make[1]: Leaving directory '/home/stu/kaneko_ws/tempMatchGPU/build/CMakeFiles/CMakeTmp'
Makefile:126: recipe for target 'cmTC_1da28/fast' failed
make: *** [cmTC_1da28/fast] Error 2

File /home/stu/kaneko_ws/tempMatchGPU/build/CMakeFiles/CMakeTmp/CheckSymbolExists.c:
/* */
#include <pthread.h>

int main(int argc, char** argv)
{
  (void)argv;
#ifndef pthread_create
  return ((int*)(&pthread_create))[argc];
#else
  (void)argc;
  return 0;
#endif
}

Determining if the function pthread_create exists in the pthreads failed with the following output:
Change Dir: /home/stu/kaneko_ws/tempMatchGPU/build/CMakeFiles/CMakeTmp

Run Build Command:"/usr/bin/make" "cmTC_6273a/fast"
/usr/bin/make -f CMakeFiles/cmTC_6273a.dir/build.make CMakeFiles/cmTC_6273a.dir/build
make[1]: Entering directory '/home/stu/kaneko_ws/tempMatchGPU/build/CMakeFiles/CMakeTmp'
Building C object CMakeFiles/cmTC_6273a.dir/CheckFunctionExists.c.o
/usr/bin/cc    -fPIC -DCHECK_FUNCTION_EXISTS=pthread_create   -o CMakeFiles/cmTC_6273a.dir/CheckFunctionExists.c.o   -c /usr/share/cmake-3.5/Modules/CheckFunctionExists.c
Linking C executable cmTC_6273a
/usr/bin/cmake -E cmake_link_script CMakeFiles/cmTC_6273a.dir/link.txt --verbose=1
/usr/bin/cc  -fPIC -DCHECK_FUNCTION_EXISTS=pthread_create    CMakeFiles/cmTC_6273a.dir/CheckFunctionExists.c.o  -o cmTC_6273a -rdynamic -lpthreads 
/usr/bin/ld: cannot find -lpthreads
collect2: error: ld returned 1 exit status
CMakeFiles/cmTC_6273a.dir/build.make:97: recipe for target 'cmTC_6273a' failed
make[1]: *** [cmTC_6273a] Error 1
make[1]: Leaving directory '/home/stu/kaneko_ws/tempMatchGPU/build/CMakeFiles/CMakeTmp'
Makefile:126: recipe for target 'cmTC_6273a/fast' failed
make: *** [cmTC_6273a/fast] Error 2


